INFO:root:start
INFO:root:end
INFO:root:start
INFO:root:end
INFO:root:start
INFO:root:end
INFO:root:start
INFO:root:end
INFO:root:start
INFO:root:end
INFO:root:start
INFO:root:end
INFO:root:start
INFO:root:end
2017-02-13 17:46:19,936 start
2017-02-13 17:46:25,568 end
2017-02-13 17:50:37,988 start
2017-02-13 17:50:43,649 end
2017-02-13 17:53:25,338 start
2017-02-13 17:53:30,793 end
2017-02-13 17:56:35,893 start
2017-02-13 17:56:42,149 end
02/13/2017 05:57:20 PM:INFO:start
02/13/2017 05:57:25 PM:INFO:end
02/13/2017 06:00:00 PM:INFO:start
02/13/2017 06:00:05 PM:INFO:end
2017/02/13 0624:00:56:INFO:start
2017/02/13 0624:01:02:INFO:end
2017/02/13 0624:02:31:INFO:start
2017/02/13 0624:02:36:INFO:end
2017/02/13 Febh24:01:15:INFO:start
2017/02/13 Febh24:01:28:INFO:end
2017-02-13 19H:04:00:INFO:start
2017-02-13 19H:04:12:INFO:end
2017-02-13 19:05:15:INFO:start
2017-02-13 19:05:26:INFO:end
